<?xml version="1.0" encoding="UTF-8"?>
<testng-results skipped="0" failed="0" ignored="0" total="1" passed="1">
  <reporter-output>
  </reporter-output>
  <suite name="Default suite" duration-ms="88" started-at="2020-06-30T15:29:41Z" finished-at="2020-06-30T15:29:42Z">
    <groups>
    </groups>
    <test name="Default test" duration-ms="88" started-at="2020-06-30T15:29:41Z" finished-at="2020-06-30T15:29:42Z">
      <class name="com.seldemo.selenium.SelDemo">
        <test-method status="PASS" signature="tetsel()[pri:0, instance:com.seldemo.selenium.SelDemo@cb5822]" name="tetsel" duration-ms="20" started-at="2020-06-30T15:29:41Z" finished-at="2020-06-30T15:29:42Z">
          <reporter-output>
          </reporter-output>
        </test-method> <!-- tetsel -->
      </class> <!-- com.seldemo.selenium.SelDemo -->
    </test> <!-- Default test -->
  </suite> <!-- Default suite -->
</testng-results>
